Using pre-set license

 COMMAND LINE ARGUMENTS:
/Applications/Unity/Hub/Editor/2020.2.2f1/Unity.app/Contents/MacOS/Unity
-adb2
-batchMode
-noUpm
-name
AssetImportWorker1
-projectPath
/Users/lockser/Documents/Asteroids4Kefir
-logFile
Logs/AssetImportWorker1.log
-srvPort
54669
Successfully changed project path to: /Users/lockser/Documents/Asteroids4Kefir
/Users/lockser/Documents/Asteroids4Kefir
Using Asset Import Pipeline V2.
Refreshing native plugins compatible for Editor in 30.42 ms, found 2 plugins.
Preloading 0 native plugins for Editor in 0.00 ms.
Initialize engine version: 2020.2.2f1 (068178b99f32)
[Subsystems] Discovering subsystems at path /Applications/Unity/Hub/Editor/2020.2.2f1/Unity.app/Contents/Resources/UnitySubsystems
[Subsystems] Discovering subsystems at path /Users/lockser/Documents/Asteroids4Kefir/Assets
GfxDevice: creating device client; threaded=0
2021-07-25 20:44:34.465 Unity[16014:10468800] (null) preferred device: Apple M1 (high power)
2021-07-25 20:44:34.465 Unity[16014:10468800] Metal devices available: 1
2021-07-25 20:44:34.465 Unity[16014:10468800] 0: Apple M1 (high power)
2021-07-25 20:44:34.465 Unity[16014:10468800] Using device Apple M1 (high power)
Initializing Metal device caps: Apple M1
Initialize mono
Mono path[0] = '/Applications/Unity/Hub/Editor/2020.2.2f1/Unity.app/Contents/Managed'
Mono path[1] = '/Applications/Unity/Hub/Editor/2020.2.2f1/Unity.app/Contents/MonoBleedingEdge/lib/mono/unityjit'
Mono config path = '/Applications/Unity/Hub/Editor/2020.2.2f1/Unity.app/Contents/MonoBleedingEdge/etc'
Using monoOptions --debugger-agent=transport=dt_socket,embedding=1,server=y,suspend=n,address=127.0.0.1:56014
Begin MonoManager ReloadAssembly
Registering precompiled unity dll's ...
Register platform support module: /Applications/Unity/Hub/Editor/2020.2.2f1/Unity.app/Contents/PlaybackEngines/MacStandaloneSupport/UnityEditor.OSXStandalone.Extensions.dll
Registered in 0.001188 seconds.
Native extension for OSXStandalone target not found
Refreshing native plugins compatible for Editor in 31.52 ms, found 2 plugins.
Preloading 0 native plugins for Editor in 0.00 ms.
Invoked RoslynAnalysisRunner static constructor.
RoslynAnalysisRunner will not be running.
RoslynAnalysisRunner has terminated.
Mono: successfully reloaded assembly
- Completed reload, in  1.827 seconds
Platform modules already initialized, skipping
Registering precompiled user dll's ...
Registered in 0.000930 seconds.
Begin MonoManager ReloadAssembly
Native extension for OSXStandalone target not found
Refreshing native plugins compatible for Editor in 31.81 ms, found 2 plugins.
Preloading 0 native plugins for Editor in 0.00 ms.
Invoked RoslynAnalysisRunner static constructor.
RoslynAnalysisRunner will not be running.
RoslynAnalysisRunner has terminated.
Mono: successfully reloaded assembly
- Completed reload, in  1.827 seconds
Platform modules already initialized, skipping
========================================================================
Worker process is ready to serve import requests
Launching external process: /Applications/Unity/Hub/Editor/2020.2.2f1/Unity.app/Contents/Tools/UnityShaderCompiler
Launched and connected shader compiler UnityShaderCompiler after 0.03 seconds
Refreshing native plugins compatible for Editor in 0.28 ms, found 2 plugins.
Preloading 0 native plugins for Editor in 0.00 ms.
Unloading 1800 Unused Serialized files (Serialized files now loaded: 0)
System memory in use before: 141.7 MB.
System memory in use after: 141.7 MB.

Unloading 24 unused Assets to reduce memory usage. Loaded Objects now: 2243.
Total: 1.540958 ms (FindLiveObjects: 0.189458 ms CreateObjectMapping: 0.035292 ms MarkObjects: 1.207458 ms  DeleteObjects: 0.107791 ms)

========================================================================
Received Import Request.
  path: Assets/Prefabs/UFO.prefab
  artifactKey: Guid(0cd9f17deb1ff4b7686937b6c02a9faa) Importer(815301076,1909f56bfc062723c751e8b465ee728b)
Start importing Assets/Prefabs/UFO.prefab using Guid(0cd9f17deb1ff4b7686937b6c02a9faa) Importer(815301076,1909f56bfc062723c751e8b465ee728b)  -> (artifact id: 'c466aa6ac3d5780a8d800a78ec28ba27') in 0.848437 seconds
  Import took 0.851207 seconds .

========================================================================
Received Prepare
Registering precompiled user dll's ...
Registered in 0.000505 seconds.
Begin MonoManager ReloadAssembly
Native extension for OSXStandalone target not found
Refreshing native plugins compatible for Editor in 0.31 ms, found 2 plugins.
Preloading 0 native plugins for Editor in 0.00 ms.
Invoked RoslynAnalysisRunner static constructor.
RoslynAnalysisRunner will not be running.
RoslynAnalysisRunner has terminated.
Mono: successfully reloaded assembly
- Completed reload, in  1.841 seconds
Platform modules already initialized, skipping
Refreshing native plugins compatible for Editor in 0.29 ms, found 2 plugins.
Preloading 0 native plugins for Editor in 0.00 ms.
Unloading 1795 Unused Serialized files (Serialized files now loaded: 0)
System memory in use before: 149.8 MB.
System memory in use after: 149.8 MB.

Unloading 12 unused Assets to reduce memory usage. Loaded Objects now: 2253.
Total: 1.519541 ms (FindLiveObjects: 0.149958 ms CreateObjectMapping: 0.042292 ms MarkObjects: 1.231917 ms  DeleteObjects: 0.094375 ms)

========================================================================
Received Prepare
Registering precompiled user dll's ...
Registered in 0.001837 seconds.
Begin MonoManager ReloadAssembly
Native extension for OSXStandalone target not found
Refreshing native plugins compatible for Editor in 0.30 ms, found 2 plugins.
Preloading 0 native plugins for Editor in 0.00 ms.
Invoked RoslynAnalysisRunner static constructor.
RoslynAnalysisRunner will not be running.
RoslynAnalysisRunner has terminated.
Mono: successfully reloaded assembly
- Completed reload, in  1.883 seconds
Platform modules already initialized, skipping
Refreshing native plugins compatible for Editor in 0.30 ms, found 2 plugins.
Preloading 0 native plugins for Editor in 0.00 ms.
Unloading 1795 Unused Serialized files (Serialized files now loaded: 0)
System memory in use before: 150.1 MB.
System memory in use after: 150.1 MB.

Unloading 12 unused Assets to reduce memory usage. Loaded Objects now: 2256.
Total: 1.702667 ms (FindLiveObjects: 0.160209 ms CreateObjectMapping: 0.036416 ms MarkObjects: 1.398208 ms  DeleteObjects: 0.106542 ms)

========================================================================
Received Import Request.
  Time since last request: 2328.629427 seconds.
  path: Assets/Sprites/Ufo 1.png
  artifactKey: Guid(ba9363639eba14e56b4d0383c7fabebf) Importer(815301076,1909f56bfc062723c751e8b465ee728b)
Start importing Assets/Sprites/Ufo 1.png using Guid(ba9363639eba14e56b4d0383c7fabebf) Importer(815301076,1909f56bfc062723c751e8b465ee728b)  -> (artifact id: '3294093c650abe09b9c55d884680614c') in 1.051048 seconds
  Import took 1.181040 seconds .

========================================================================
Received Import Request.
  Time since last request: 11.945795 seconds.
  path: Assets/Prefabs/UFO.prefab
  artifactKey: Guid(0cd9f17deb1ff4b7686937b6c02a9faa) Importer(815301076,1909f56bfc062723c751e8b465ee728b)
Start importing Assets/Prefabs/UFO.prefab using Guid(0cd9f17deb1ff4b7686937b6c02a9faa) Importer(815301076,1909f56bfc062723c751e8b465ee728b)  -> (artifact id: 'eac93b76d215bc56f1454cb337bfad8b') in 0.172031 seconds
  Import took 0.175394 seconds .

========================================================================
Received Prepare
Registering precompiled user dll's ...
Registered in 0.000888 seconds.
Begin MonoManager ReloadAssembly
Native extension for OSXStandalone target not found
Refreshing native plugins compatible for Editor in 0.32 ms, found 2 plugins.
Preloading 0 native plugins for Editor in 0.00 ms.
Invoked RoslynAnalysisRunner static constructor.
RoslynAnalysisRunner will not be running.
RoslynAnalysisRunner has terminated.
Mono: successfully reloaded assembly
- Completed reload, in  2.168 seconds
Platform modules already initialized, skipping
Refreshing native plugins compatible for Editor in 0.29 ms, found 2 plugins.
Preloading 0 native plugins for Editor in 0.00 ms.
Unloading 1795 Unused Serialized files (Serialized files now loaded: 0)
System memory in use before: 154.8 MB.
System memory in use after: 154.9 MB.

Unloading 12 unused Assets to reduce memory usage. Loaded Objects now: 2263.
Total: 1.516125 ms (FindLiveObjects: 0.173500 ms CreateObjectMapping: 0.044750 ms MarkObjects: 1.204417 ms  DeleteObjects: 0.092500 ms)

========================================================================
Received Import Request.
  Time since last request: 50.654555 seconds.
  path: Assets/Sprites/Ufo 2.png
  artifactKey: Guid(216627a5d08514b17a0f448426a1068f) Importer(815301076,1909f56bfc062723c751e8b465ee728b)
Start importing Assets/Sprites/Ufo 2.png using Guid(216627a5d08514b17a0f448426a1068f) Importer(815301076,1909f56bfc062723c751e8b465ee728b)  -> (artifact id: '57865e81c943595f8f246b5047234591') in 0.187554 seconds
  Import took 0.191160 seconds .

========================================================================
Received Import Request.
  Time since last request: 9.386539 seconds.
  path: Assets/Prefabs/UFO.prefab
  artifactKey: Guid(0cd9f17deb1ff4b7686937b6c02a9faa) Importer(815301076,1909f56bfc062723c751e8b465ee728b)
Start importing Assets/Prefabs/UFO.prefab using Guid(0cd9f17deb1ff4b7686937b6c02a9faa) Importer(815301076,1909f56bfc062723c751e8b465ee728b)  -> (artifact id: '5801022f814943731e748d48caeea8f2') in 0.096343 seconds
  Import took 0.098942 seconds .

========================================================================
Received Prepare
Registering precompiled user dll's ...
Registered in 0.001237 seconds.
Begin MonoManager ReloadAssembly
Native extension for OSXStandalone target not found
Refreshing native plugins compatible for Editor in 0.31 ms, found 2 plugins.
Preloading 0 native plugins for Editor in 0.00 ms.
Invoked RoslynAnalysisRunner static constructor.
RoslynAnalysisRunner will not be running.
RoslynAnalysisRunner has terminated.
Mono: successfully reloaded assembly
- Completed reload, in  1.924 seconds
Platform modules already initialized, skipping
Refreshing native plugins compatible for Editor in 0.28 ms, found 2 plugins.
Preloading 0 native plugins for Editor in 0.00 ms.
Unloading 1795 Unused Serialized files (Serialized files now loaded: 0)
System memory in use before: 155.2 MB.
System memory in use after: 155.2 MB.

Unloading 12 unused Assets to reduce memory usage. Loaded Objects now: 2267.
Total: 1.381584 ms (FindLiveObjects: 0.133458 ms CreateObjectMapping: 0.035542 ms MarkObjects: 1.121833 ms  DeleteObjects: 0.089792 ms)

========================================================================
Received Prepare
Registering precompiled user dll's ...
Registered in 0.001911 seconds.
Begin MonoManager ReloadAssembly
Native extension for OSXStandalone target not found
Refreshing native plugins compatible for Editor in 0.29 ms, found 2 plugins.
Preloading 0 native plugins for Editor in 0.00 ms.
Invoked RoslynAnalysisRunner static constructor.
RoslynAnalysisRunner will not be running.
RoslynAnalysisRunner has terminated.
Mono: successfully reloaded assembly
- Completed reload, in  1.980 seconds
Platform modules already initialized, skipping
Refreshing native plugins compatible for Editor in 0.19 ms, found 2 plugins.
Preloading 0 native plugins for Editor in 0.00 ms.
Unloading 1795 Unused Serialized files (Serialized files now loaded: 0)
System memory in use before: 155.6 MB.
System memory in use after: 155.6 MB.

Unloading 12 unused Assets to reduce memory usage. Loaded Objects now: 2270.
Total: 1.493125 ms (FindLiveObjects: 0.127833 ms CreateObjectMapping: 0.037250 ms MarkObjects: 1.236583 ms  DeleteObjects: 0.090584 ms)

========================================================================
Received Prepare
Registering precompiled user dll's ...
Registered in 0.000816 seconds.
Begin MonoManager ReloadAssembly
Native extension for OSXStandalone target not found
Refreshing native plugins compatible for Editor in 0.29 ms, found 2 plugins.
Preloading 0 native plugins for Editor in 0.00 ms.
Invoked RoslynAnalysisRunner static constructor.
RoslynAnalysisRunner will not be running.
RoslynAnalysisRunner has terminated.
Mono: successfully reloaded assembly
- Completed reload, in  1.858 seconds
Platform modules already initialized, skipping
Refreshing native plugins compatible for Editor in 0.25 ms, found 2 plugins.
Preloading 0 native plugins for Editor in 0.00 ms.
Unloading 1795 Unused Serialized files (Serialized files now loaded: 0)
System memory in use before: 155.9 MB.
System memory in use after: 155.9 MB.

Unloading 12 unused Assets to reduce memory usage. Loaded Objects now: 2273.
Total: 1.779666 ms (FindLiveObjects: 0.171500 ms CreateObjectMapping: 0.035000 ms MarkObjects: 1.129917 ms  DeleteObjects: 0.442208 ms)

========================================================================
Received Prepare
Registering precompiled user dll's ...
Registered in 0.001011 seconds.
Begin MonoManager ReloadAssembly
Native extension for OSXStandalone target not found
Refreshing native plugins compatible for Editor in 0.29 ms, found 2 plugins.
Preloading 0 native plugins for Editor in 0.00 ms.
Invoked RoslynAnalysisRunner static constructor.
RoslynAnalysisRunner will not be running.
RoslynAnalysisRunner has terminated.
Mono: successfully reloaded assembly
- Completed reload, in  2.078 seconds
Platform modules already initialized, skipping
Refreshing native plugins compatible for Editor in 0.29 ms, found 2 plugins.
Preloading 0 native plugins for Editor in 0.00 ms.
Unloading 1795 Unused Serialized files (Serialized files now loaded: 0)
System memory in use before: 156.2 MB.
System memory in use after: 156.2 MB.

Unloading 12 unused Assets to reduce memory usage. Loaded Objects now: 2276.
Total: 1.405541 ms (FindLiveObjects: 0.146750 ms CreateObjectMapping: 0.035167 ms MarkObjects: 1.133792 ms  DeleteObjects: 0.089208 ms)

========================================================================
Received Import Request.
  Time since last request: 508.786561 seconds.
  path: Assets/Sprites/Ufo 1.png
  artifactKey: Guid(ba9363639eba14e56b4d0383c7fabebf) Importer(815301076,1909f56bfc062723c751e8b465ee728b)
Start importing Assets/Sprites/Ufo 1.png using Guid(ba9363639eba14e56b4d0383c7fabebf) Importer(815301076,1909f56bfc062723c751e8b465ee728b)  -> (artifact id: '9ce6b5a86f86a5ac5825e351840a3b1a') in 0.692917 seconds
  Import took 0.818775 seconds .

========================================================================
Received Import Request.
  Time since last request: 345.009524 seconds.
  path: Assets/Sprites/Ufo 1.png
  artifactKey: Guid(ba9363639eba14e56b4d0383c7fabebf) Importer(815301076,1909f56bfc062723c751e8b465ee728b)
Start importing Assets/Sprites/Ufo 1.png using Guid(ba9363639eba14e56b4d0383c7fabebf) Importer(815301076,1909f56bfc062723c751e8b465ee728b)  -> (artifact id: '0d2054515d22ea8d8413c24de5c15c36') in 0.131034 seconds
  Import took 0.259154 seconds .

========================================================================
Received Import Request.
  Time since last request: 10.988688 seconds.
  path: Assets/Sprites/Ufo 2.png
  artifactKey: Guid(216627a5d08514b17a0f448426a1068f) Importer(815301076,1909f56bfc062723c751e8b465ee728b)
Start importing Assets/Sprites/Ufo 2.png using Guid(216627a5d08514b17a0f448426a1068f) Importer(815301076,1909f56bfc062723c751e8b465ee728b)  -> (artifact id: '361361ace2dba8c63e4fb3aefc1f1a9f') in 0.021119 seconds
  Import took 0.023992 seconds .

========================================================================
Received Import Request.
  Time since last request: 0.004574 seconds.
  path: Assets/Sprites/Ufo 2.png
  artifactKey: Guid(216627a5d08514b17a0f448426a1068f) Importer(815301076,1909f56bfc062723c751e8b465ee728b)
Start importing Assets/Sprites/Ufo 2.png using Guid(216627a5d08514b17a0f448426a1068f) Importer(815301076,1909f56bfc062723c751e8b465ee728b)  -> (artifact id: '361361ace2dba8c63e4fb3aefc1f1a9f') in 0.012525 seconds
  Import took 0.014909 seconds .

========================================================================
Received Prepare
Registering precompiled user dll's ...
Registered in 0.000750 seconds.
Begin MonoManager ReloadAssembly
Native extension for OSXStandalone target not found
Refreshing native plugins compatible for Editor in 0.30 ms, found 2 plugins.
Preloading 0 native plugins for Editor in 0.00 ms.
Invoked RoslynAnalysisRunner static constructor.
RoslynAnalysisRunner will not be running.
RoslynAnalysisRunner has terminated.
Mono: successfully reloaded assembly
- Completed reload, in  2.250 seconds
Platform modules already initialized, skipping
Refreshing native plugins compatible for Editor in 0.24 ms, found 2 plugins.
Preloading 0 native plugins for Editor in 0.00 ms.
Unloading 1795 Unused Serialized files (Serialized files now loaded: 0)
System memory in use before: 156.6 MB.
System memory in use after: 156.7 MB.

Unloading 12 unused Assets to reduce memory usage. Loaded Objects now: 2282.
Total: 1.416208 ms (FindLiveObjects: 0.152833 ms CreateObjectMapping: 0.035208 ms MarkObjects: 1.127000 ms  DeleteObjects: 0.100125 ms)

========================================================================
Received Import Request.
  Time since last request: 45.236796 seconds.
  path: Assets/Prefabs/UFO.prefab
  artifactKey: Guid(0cd9f17deb1ff4b7686937b6c02a9faa) Importer(815301076,1909f56bfc062723c751e8b465ee728b)
Start importing Assets/Prefabs/UFO.prefab using Guid(0cd9f17deb1ff4b7686937b6c02a9faa) Importer(815301076,1909f56bfc062723c751e8b465ee728b)  -> (artifact id: 'c2c7046110c7fc087a3ab46f179bc1ce') in 0.178404 seconds
  Import took 0.181216 seconds .

========================================================================
Received Prepare
Registering precompiled user dll's ...
Registered in 0.017672 seconds.
Begin MonoManager ReloadAssembly
Native extension for OSXStandalone target not found
Refreshing native plugins compatible for Editor in 0.55 ms, found 2 plugins.
Preloading 0 native plugins for Editor in 0.00 ms.
Invoked RoslynAnalysisRunner static constructor.
RoslynAnalysisRunner will not be running.
RoslynAnalysisRunner has terminated.
Mono: successfully reloaded assembly
- Completed reload, in  2.361 seconds
Platform modules already initialized, skipping
Refreshing native plugins compatible for Editor in 0.33 ms, found 2 plugins.
Preloading 0 native plugins for Editor in 0.00 ms.
Unloading 1795 Unused Serialized files (Serialized files now loaded: 0)
System memory in use before: 157.0 MB.
System memory in use after: 157.0 MB.

Unloading 12 unused Assets to reduce memory usage. Loaded Objects now: 2286.
Total: 9.241083 ms (FindLiveObjects: 6.077083 ms CreateObjectMapping: 0.264500 ms MarkObjects: 2.393166 ms  DeleteObjects: 0.505250 ms)

========================================================================
Received Prepare
Registering precompiled user dll's ...
Registered in 0.000529 seconds.
Begin MonoManager ReloadAssembly
Native extension for OSXStandalone target not found
Refreshing native plugins compatible for Editor in 0.33 ms, found 2 plugins.
Preloading 0 native plugins for Editor in 0.00 ms.
Invoked RoslynAnalysisRunner static constructor.
RoslynAnalysisRunner will not be running.
RoslynAnalysisRunner has terminated.
Mono: successfully reloaded assembly
- Completed reload, in  2.253 seconds
Platform modules already initialized, skipping
Refreshing native plugins compatible for Editor in 0.29 ms, found 2 plugins.
Preloading 0 native plugins for Editor in 0.00 ms.
Unloading 1795 Unused Serialized files (Serialized files now loaded: 0)
System memory in use before: 157.4 MB.
System memory in use after: 157.4 MB.

Unloading 12 unused Assets to reduce memory usage. Loaded Objects now: 2289.
Total: 1.538625 ms (FindLiveObjects: 0.195208 ms CreateObjectMapping: 0.039042 ms MarkObjects: 1.196458 ms  DeleteObjects: 0.107125 ms)

========================================================================
Received Prepare
Registering precompiled user dll's ...
Registered in 0.000504 seconds.
Begin MonoManager ReloadAssembly
Native extension for OSXStandalone target not found
Refreshing native plugins compatible for Editor in 0.33 ms, found 2 plugins.
Preloading 0 native plugins for Editor in 0.00 ms.
Invoked RoslynAnalysisRunner static constructor.
RoslynAnalysisRunner will not be running.
RoslynAnalysisRunner has terminated.
Mono: successfully reloaded assembly
- Completed reload, in  2.313 seconds
Platform modules already initialized, skipping
Refreshing native plugins compatible for Editor in 0.26 ms, found 2 plugins.
Preloading 0 native plugins for Editor in 0.00 ms.
Unloading 1795 Unused Serialized files (Serialized files now loaded: 0)
System memory in use before: 157.7 MB.
System memory in use after: 157.7 MB.

Unloading 12 unused Assets to reduce memory usage. Loaded Objects now: 2292.
Total: 1.448333 ms (FindLiveObjects: 0.178708 ms CreateObjectMapping: 0.038625 ms MarkObjects: 1.138583 ms  DeleteObjects: 0.091333 ms)

========================================================================
Received Prepare
Registering precompiled user dll's ...
Registered in 0.000867 seconds.
Begin MonoManager ReloadAssembly
Native extension for OSXStandalone target not found
Refreshing native plugins compatible for Editor in 0.37 ms, found 2 plugins.
Preloading 0 native plugins for Editor in 0.00 ms.
Invoked RoslynAnalysisRunner static constructor.
RoslynAnalysisRunner will not be running.
RoslynAnalysisRunner has terminated.
Mono: successfully reloaded assembly
- Completed reload, in  2.059 seconds
Platform modules already initialized, skipping
Refreshing native plugins compatible for Editor in 0.27 ms, found 2 plugins.
Preloading 0 native plugins for Editor in 0.00 ms.
Unloading 1795 Unused Serialized files (Serialized files now loaded: 0)
System memory in use before: 158.0 MB.
System memory in use after: 158.0 MB.

Unloading 12 unused Assets to reduce memory usage. Loaded Objects now: 2295.
Total: 2.664875 ms (FindLiveObjects: 0.183125 ms CreateObjectMapping: 0.036417 ms MarkObjects: 2.335458 ms  DeleteObjects: 0.109000 ms)

========================================================================
Received Prepare
Registering precompiled user dll's ...
Registered in 0.000546 seconds.
Begin MonoManager ReloadAssembly
Native extension for OSXStandalone target not found
Refreshing native plugins compatible for Editor in 0.31 ms, found 2 plugins.
Preloading 0 native plugins for Editor in 0.00 ms.
Invoked RoslynAnalysisRunner static constructor.
RoslynAnalysisRunner will not be running.
RoslynAnalysisRunner has terminated.
Mono: successfully reloaded assembly
- Completed reload, in  1.990 seconds
Platform modules already initialized, skipping
Refreshing native plugins compatible for Editor in 0.29 ms, found 2 plugins.
Preloading 0 native plugins for Editor in 0.00 ms.
Unloading 1795 Unused Serialized files (Serialized files now loaded: 0)
System memory in use before: 158.4 MB.
System memory in use after: 158.3 MB.

Unloading 12 unused Assets to reduce memory usage. Loaded Objects now: 2298.
Total: 1.367417 ms (FindLiveObjects: 0.159916 ms CreateObjectMapping: 0.036709 ms MarkObjects: 1.079750 ms  DeleteObjects: 0.090042 ms)

========================================================================
Received Prepare
Registering precompiled user dll's ...
Registered in 0.001221 seconds.
Begin MonoManager ReloadAssembly
Native extension for OSXStandalone target not found
Refreshing native plugins compatible for Editor in 0.29 ms, found 2 plugins.
Preloading 0 native plugins for Editor in 0.00 ms.
Invoked RoslynAnalysisRunner static constructor.
RoslynAnalysisRunner will not be running.
RoslynAnalysisRunner has terminated.
Mono: successfully reloaded assembly
- Completed reload, in  1.860 seconds
Platform modules already initialized, skipping
Refreshing native plugins compatible for Editor in 0.26 ms, found 2 plugins.
Preloading 0 native plugins for Editor in 0.00 ms.
Unloading 1795 Unused Serialized files (Serialized files now loaded: 0)
System memory in use before: 157.7 MB.
System memory in use after: 157.7 MB.

Unloading 12 unused Assets to reduce memory usage. Loaded Objects now: 2301.
Total: 1.475250 ms (FindLiveObjects: 0.192334 ms CreateObjectMapping: 0.039750 ms MarkObjects: 1.146500 ms  DeleteObjects: 0.095792 ms)

